<?xml version="1.0" encoding="UTF-8"?>
<!-- Generated by org.testng.reporters.JUnitReportReporter -->
<testsuite hostname="Hero-PC" failures="0" tests="2" name="com.webdriver.Amazon" time="7.741" errors="0" timestamp="2021-07-21T18:42:31 IST" skipped="1">
  <testcase classname="com.webdriver.Amazon" name="amazon1" time="7.741"/>
  <system-out/>
  <testcase classname="com.webdriver.Amazon" name="amazon">
    <skipped/>
  </testcase> <!-- amazon -->
  <system-out/>
</testsuite> <!-- com.webdriver.Amazon -->
