<?xml version="1.0" encoding="UTF-8"?>
<!-- Generated by org.testng.reporters.JUnitReportReporter -->
<testsuite hostname="Hero-PC" failures="0" tests="1" name="com.webdriver.ScreenShots" time="7.877" errors="0" timestamp="2021-07-20T22:23:44 IST" skipped="0">
  <testcase classname="com.webdriver.ScreenShots" name="dragAndDrop" time="7.877"/>
  <system-out/>
</testsuite> <!-- com.webdriver.ScreenShots -->
