<?xml version="1.0" encoding="UTF-8"?>
<!-- Generated by org.testng.reporters.JUnitReportReporter -->
<testsuite hostname="Hero-PC" failures="0" tests="1" name="com.webdriver.EditModule" time="24.671" errors="0" timestamp="2021-07-15T18:45:53 IST" skipped="0">
  <testcase classname="com.webdriver.EditModule" name="module1" time="24.671"/>
  <system-out/>
</testsuite> <!-- com.webdriver.EditModule -->
