<?xml version="1.0" encoding="UTF-8"?>
<!-- Generated by org.testng.reporters.JUnitReportReporter -->
<testsuite hostname="Hero-PC" failures="0" tests="3" name="com.webdriver.WaitClass" time="19.526" errors="0" timestamp="2021-07-18T15:47:07 IST" skipped="0">
  <testcase classname="com.webdriver.WaitClass" name="explicit" time="5.749"/>
  <system-out/>
  <testcase classname="com.webdriver.WaitClass" name="implicitwaits" time="5.930"/>
  <system-out/>
  <testcase classname="com.webdriver.WaitClass" name="fluent" time="7.847"/>
  <system-out/>
</testsuite> <!-- com.webdriver.WaitClass -->
