<?xml version="1.0" encoding="UTF-8"?>
<!-- Generated by org.testng.reporters.JUnitReportReporter -->
<testsuite hostname="Hero-PC" failures="0" tests="3" name="com.webdriver.ToolTip" time="179.437" errors="0" timestamp="2021-07-24T15:05:21 IST" skipped="2">
  <testcase classname="com.webdriver.ToolTip" name="verifyTooltip" time="179.437"/>
  <system-out/>
  <testcase classname="com.webdriver.ToolTip" name="captureTooltip">
    <skipped/>
  </testcase> <!-- captureTooltip -->
  <system-out/>
  <testcase classname="com.webdriver.ToolTip" name="toolTip">
    <skipped/>
  </testcase> <!-- toolTip -->
  <system-out/>
</testsuite> <!-- com.webdriver.ToolTip -->
