<?xml version="1.0" encoding="UTF-8"?>
<!-- Generated by org.testng.reporters.JUnitReportReporter -->
<testsuite hostname="Hero-PC" failures="0" tests="1" name="Runner.Run1" time="10.162" errors="0" timestamp="2021-07-26T17:57:03 IST" skipped="0">
  <testcase classname="Runner.Run1" name="runScenario" time="10.162"/>
  <system-out/>
</testsuite> <!-- Runner.Run1 -->
