<?xml version="1.0" encoding="UTF-8"?>
<!-- Generated by org.testng.reporters.JUnitReportReporter -->
<testsuite hostname="Hero-PC" failures="0" tests="1" name="com.webdriver.UploadFile" time="10.921" errors="0" timestamp="2021-07-26T17:16:42 IST" skipped="0">
  <testcase classname="com.webdriver.UploadFile" name="uploadFile" time="10.921"/>
  <system-out/>
</testsuite> <!-- com.webdriver.UploadFile -->
