<?xml version="1.0" encoding="UTF-8"?>
<!-- Generated by org.testng.reporters.JUnitReportReporter -->
<testsuite hostname="Hero-PC" failures="0" tests="1" name="com.webdriver.AlertModule" time="13.509" errors="0" timestamp="2021-07-16T10:40:14 IST" skipped="0">
  <testcase classname="com.webdriver.AlertModule" name="alertmodule" time="13.509"/>
  <system-out/>
</testsuite> <!-- com.webdriver.AlertModule -->
