<?xml version="1.0" encoding="UTF-8"?>
<!-- Generated by org.testng.reporters.JUnitReportReporter -->
<testsuite hostname="Hero-PC" failures="0" tests="5" name="com.webdriver.Cookies" time="19.510" errors="0" timestamp="2021-07-24T15:57:47 IST" skipped="4">
  <testcase classname="com.webdriver.Cookies" name="deleteNamedCookies" time="19.510"/>
  <system-out/>
  <testcase classname="com.webdriver.Cookies" name="deleteAllCookies">
    <skipped/>
  </testcase> <!-- deleteAllCookies -->
  <system-out/>
  <testcase classname="com.webdriver.Cookies" name="deleteCookies">
    <skipped/>
  </testcase> <!-- deleteCookies -->
  <system-out/>
  <testcase classname="com.webdriver.Cookies" name="getCookies">
    <skipped/>
  </testcase> <!-- getCookies -->
  <system-out/>
  <testcase classname="com.webdriver.Cookies" name="addCookies">
    <skipped/>
  </testcase> <!-- addCookies -->
  <system-out/>
</testsuite> <!-- com.webdriver.Cookies -->
