<?xml version="1.0" encoding="UTF-8"?>
<!-- Generated by org.testng.reporters.JUnitReportReporter -->
<testsuite hostname="Hero-PC" failures="0" tests="2" name="com.webdriver.JavaScriptExecutor" time="11.734" errors="0" timestamp="2021-07-21T19:18:00 IST" skipped="1">
  <testcase classname="com.webdriver.JavaScriptExecutor" name="textAppear" time="11.734"/>
  <system-out/>
  <testcase classname="com.webdriver.JavaScriptExecutor" name="scrollDown">
    <skipped/>
  </testcase> <!-- scrollDown -->
  <system-out/>
</testsuite> <!-- com.webdriver.JavaScriptExecutor -->
