<?xml version="1.0" encoding="UTF-8"?>
<!-- Generated by org.testng.reporters.JUnitReportReporter -->
<testsuite hostname="Hero-PC" failures="0" tests="1" name="com.webdriver.DemoAutomation" time="40.855" errors="0" timestamp="2021-07-15T22:43:53 IST" skipped="0">
  <testcase classname="com.webdriver.DemoAutomation" name="alertmodule" time="40.855"/>
  <system-out/>
</testsuite> <!-- com.webdriver.DemoAutomation -->
