<?xml version="1.0" encoding="UTF-8"?>
<!-- Generated by org.testng.reporters.JUnitReportReporter -->
<testsuite hostname="Hero-PC" failures="0" tests="1" name="com.webdriver.SelectedList" time="11.111" errors="0" timestamp="2021-07-21T20:16:11 IST" skipped="0">
  <testcase classname="com.webdriver.SelectedList" name="selectedList" time="11.111"/>
  <system-out/>
</testsuite> <!-- com.webdriver.SelectedList -->
