<?xml version="1.0" encoding="UTF-8"?>
<!-- Generated by org.testng.reporters.JUnitReportReporter -->
<testsuite hostname="Hero-PC" failures="0" tests="1" name="com.webdriver.Max_Min_Window" time="12.027" errors="0" timestamp="2021-07-18T15:17:34 IST" skipped="0">
  <testcase classname="com.webdriver.Max_Min_Window" name="maxminWindows" time="12.027"/>
  <system-out/>
</testsuite> <!-- com.webdriver.Max_Min_Window -->
