<?xml version="1.0" encoding="UTF-8"?>
<!-- Generated by org.testng.reporters.JUnitReportReporter -->
<testsuite hostname="Hero-PC" failures="0" tests="2" name="com.webdriver.DataPicker" time="11.776" errors="0" timestamp="2021-07-22T10:40:20 IST" skipped="1">
  <testcase classname="com.webdriver.DataPicker" name="dataPicker2" time="11.776"/>
  <system-out/>
  <testcase classname="com.webdriver.DataPicker" name="dataPicker">
    <skipped/>
  </testcase> <!-- dataPicker -->
  <system-out/>
</testsuite> <!-- com.webdriver.DataPicker -->
