<?xml version="1.0" encoding="UTF-8"?>
<!-- Generated by org.testng.reporters.JUnitReportReporter -->
<testsuite hostname="Hero-PC" failures="0" tests="3" name="com.webdriver.Frames" time="5.918" errors="0" timestamp="2021-07-17T23:23:27 IST" skipped="2">
  <testcase classname="com.webdriver.Frames" name="findTotalframes" time="5.918"/>
  <system-out/>
  <testcase classname="com.webdriver.Frames" name="nestedframesAutomation">
    <skipped/>
  </testcase> <!-- nestedframesAutomation -->
  <system-out/>
  <testcase classname="com.webdriver.Frames" name="iframes">
    <skipped/>
  </testcase> <!-- iframes -->
  <system-out/>
</testsuite> <!-- com.webdriver.Frames -->
