<?xml version="1.0" encoding="UTF-8"?>
<!-- Generated by org.testng.reporters.JUnitReportReporter -->
<testsuite hostname="Hero-PC" failures="0" tests="1" name="com.webdriver.UnorderedList" time="13.047" errors="0" timestamp="2021-07-20T22:15:19 IST" skipped="0">
  <testcase classname="com.webdriver.UnorderedList" name="unorderedList" time="13.047"/>
  <system-out/>
</testsuite> <!-- com.webdriver.UnorderedList -->
