<?xml version="1.0" encoding="UTF-8"?>
<!-- Generated by org.testng.reporters.JUnitReportReporter -->
<testsuite hostname="Hero-PC" failures="0" tests="4" name="com.webdriver.WindowHandling" time="47.546" errors="0" timestamp="2021-07-19T15:33:28 IST" skipped="3">
  <testcase classname="com.webdriver.WindowHandling" name="windowHandling" time="47.546"/>
  <system-out/>
  <testcase classname="com.webdriver.WindowHandling" name="windowsCount">
    <skipped/>
  </testcase> <!-- windowsCount -->
  <system-out/>
  <testcase classname="com.webdriver.WindowHandling" name="windowsToOpen">
    <skipped/>
  </testcase> <!-- windowsToOpen -->
  <system-out/>
  <testcase classname="com.webdriver.WindowHandling" name="closeAllExpectWindows">
    <skipped/>
  </testcase> <!-- closeAllExpectWindows -->
  <system-out/>
</testsuite> <!-- com.webdriver.WindowHandling -->
