<?xml version="1.0" encoding="UTF-8"?>
<!-- Generated by org.testng.reporters.JUnitReportReporter -->
<testsuite hostname="Hero-PC" failures="0" tests="1" name="com.webdriver.CheckBoxModule" time="12.375" errors="0" timestamp="2021-07-14T23:20:42 IST" skipped="0">
  <testcase classname="com.webdriver.CheckBoxModule" name="checkbox" time="12.375"/>
  <system-out/>
</testsuite> <!-- com.webdriver.CheckBoxModule -->
