<?xml version="1.0" encoding="UTF-8"?>
<!-- Generated by org.testng.reporters.JUnitReportReporter -->
<testsuite hostname="Hero-PC" failures="0" tests="1" name="com.webdriver.HyperLinkModule" time="26.605" errors="0" timestamp="2021-07-14T22:05:15 IST" skipped="0">
  <testcase classname="com.webdriver.HyperLinkModule" name="module1" time="26.605"/>
  <system-out/>
</testsuite> <!-- com.webdriver.HyperLinkModule -->
