<?xml version="1.0" encoding="UTF-8"?>
<!-- Generated by org.testng.reporters.JUnitReportReporter -->
<testsuite hostname="Hero-PC" failures="0" tests="1" name="com.webdriver.RadioButton" time="15.761" errors="0" timestamp="2021-07-14T22:56:40 IST" skipped="0">
  <testcase classname="com.webdriver.RadioButton" name="radiobutton" time="15.761"/>
  <system-out/>
</testsuite> <!-- com.webdriver.RadioButton -->
