<?xml version="1.0" encoding="UTF-8"?>
<!-- Generated by org.testng.reporters.JUnitReportReporter -->
<testsuite hostname="Hero-PC" failures="0" tests="1" name="com.webdriver.ButtonModule" time="9.863" errors="0" timestamp="2021-07-14T21:36:27 IST" skipped="0">
  <testcase classname="com.webdriver.ButtonModule" name="module1" time="9.863"/>
  <system-out/>
</testsuite> <!-- com.webdriver.ButtonModule -->
