<?xml version="1.0" encoding="UTF-8"?>
<!-- Generated by org.testng.reporters.JUnitReportReporter -->
<testsuite hostname="Hero-PC" failures="0" tests="2" name="com.webdriver.Frames1" time="14.164" errors="0" timestamp="2021-07-19T14:57:34 IST" skipped="0">
  <testcase classname="com.webdriver.Frames1" name="findTotalframes" time="7.093"/>
  <system-out/>
  <testcase classname="com.webdriver.Frames1" name="frame" time="7.071"/>
  <system-out/>
</testsuite> <!-- com.webdriver.Frames1 -->
