<?xml version="1.0" encoding="UTF-8"?>
<!-- Generated by org.testng.reporters.JUnitReportReporter -->
<testsuite hostname="Hero-PC" failures="0" tests="1" name="com.webdriver.DataDrivenFramework" time="4.291" errors="0" timestamp="2021-07-22T22:16:05 IST" skipped="0">
  <testcase classname="com.webdriver.DataDrivenFramework" name="dataDrivenApache" time="4.291"/>
  <system-out/>
</testsuite> <!-- com.webdriver.DataDrivenFramework -->
