<?xml version="1.0" encoding="UTF-8"?>
<!-- Generated by org.testng.reporters.JUnitReportReporter -->
<testsuite hostname="Hero-PC" failures="0" tests="1" name="com.webdriver.NavigateCommands" time="19.638" errors="0" timestamp="2021-07-18T15:10:51 IST" skipped="0">
  <testcase classname="com.webdriver.NavigateCommands" name="navigateCommands" time="19.638"/>
  <system-out/>
</testsuite> <!-- com.webdriver.NavigateCommands -->
