<?xml version="1.0" encoding="UTF-8"?>
<!-- Generated by org.testng.reporters.JUnitReportReporter -->
<testsuite hostname="Hero-PC" failures="0" tests="1" name="com.webdriver.DataDrivenWrite" time="8.550" errors="0" timestamp="2021-07-26T10:47:00 IST" skipped="0">
  <testcase classname="com.webdriver.DataDrivenWrite" name="dataDrivenApache" time="8.550"/>
  <system-out/>
</testsuite> <!-- com.webdriver.DataDrivenWrite -->
