<?xml version="1.0" encoding="UTF-8"?>
<!-- Generated by org.testng.reporters.JUnitReportReporter -->
<testsuite hostname="Hero-PC" failures="0" tests="1" name="com.webdriver.DownloadFile" time="5.437" errors="0" timestamp="2021-07-26T11:28:34 IST" skipped="0">
  <testcase classname="com.webdriver.DownloadFile" name="downloadFile" time="5.437"/>
  <system-out/>
</testsuite> <!-- com.webdriver.DownloadFile -->
